#
# A fatal error has been detected by the Java Runtime Environment:
#
#  EXCEPTION_INT_DIVIDE_BY_ZERO (0xc0000094) at pc=0x00007ffa45ab72aa, pid=10404, tid=6416
#
# JRE version: Java(TM) SE Runtime Environment (10.0.1+10) (build 10.0.1+10)
# Java VM: Java HotSpot(TM) 64-Bit Server VM (10.0.1+10, mixed mode, tiered, compressed oops, g1 gc, windows-amd64)
# Problematic frame:
# C  0x00007ffa45ab72aa
#
# No core dump will be written. Minidumps are not enabled by default on client versions of Windows
#
# If you would like to submit a bug report, please visit:
#   http://bugreport.java.com/bugreport/crash.jsp
# The crash happened outside the Java Virtual Machine in native code.
# See problematic frame for where to report the bug.
#

---------------  S U M M A R Y ------------

Command Line: -Djava.library.path=C:\opencv\build\java\x64 -javaagent:C:\Program Files\JetBrains\IntelliJ IDEA Community Edition 2018.1.2\lib\idea_rt.jar=50816:C:\Program Files\JetBrains\IntelliJ IDEA Community Edition 2018.1.2\bin -Dfile.encoding=UTF-8 webCamGui

Host: Intel(R) Core(TM) i5-6200U CPU @ 2.30GHz, 4 cores, 11G,  Windows 10 , 64 bit Build 16299 (10.0.16299.15)
Time: Tue May 08 19:29:43 2018 India Standard Time elapsed time: 31 seconds (0d 0h 0m 31s)

---------------  T H R E A D  ---------------

Current thread (0x000002026631c000):  JavaThread "JavaFX Application Thread" [_thread_in_native, id=6416, stack(0x00000064d0f00000,0x00000064d1000000)]

Stack: [0x00000064d0f00000,0x00000064d1000000],  sp=0x00000064d0ff9e80,  free space=999k
Native frames: (J=compiled Java code, j=interpreted, Vv=VM code, C=native code)
C  0x00007ffa45ab72aa

Java frames: (J=compiled Java code, j=interpreted, Vv=VM code)
j  com.googlecode.javacv.cpp.opencv_core.cvInRangeS(Lcom/googlecode/javacv/cpp/opencv_core$CvArr;Lcom/googlecode/javacv/cpp/opencv_core$CvScalar;Lcom/googlecode/javacv/cpp/opencv_core$CvScalar;Lcom/googlecode/javacv/cpp/opencv_core$CvArr;)V+0
j  webCam.changeHSV()V+46
j  webCamGui$2.changed(Ljavafx/beans/value/ObservableValue;Ljava/lang/Number;Ljava/lang/Number;)V+19
j  webCamGui$2.changed(Ljavafx/beans/value/ObservableValue;Ljava/lang/Object;Ljava/lang/Object;)V+10
j  com.sun.javafx.binding.ExpressionHelper$Generic.fireValueChangedEvent()V+167 javafx.base@10.0.1
J 1672 c1 com.sun.javafx.binding.ExpressionHelper.fireValueChangedEvent(Lcom/sun/javafx/binding/ExpressionHelper;)V javafx.base@10.0.1 (9 bytes) @ 0x000002024d5141f4 [0x000002024d5140e0+0x0000000000000114]
j  javafx.beans.property.DoublePropertyBase.fireValueChangedEvent()V+4 javafx.base@10.0.1
j  javafx.beans.property.DoublePropertyBase.markInvalid()V+17 javafx.base@10.0.1
j  javafx.beans.property.DoublePropertyBase.set(D)V+73 javafx.base@10.0.1
j  javafx.scene.control.Slider.setValue(D)V+15 javafx.controls@10.0.1
j  com.sun.javafx.scene.control.behavior.SliderBehavior.thumbDragged(Ljavafx/scene/input/MouseEvent;D)V+43 javafx.controls@10.0.1
j  javafx.scene.control.skin.SliderSkin.lambda$initialize$14(Ljavafx/scene/input/MouseEvent;)V+77 javafx.controls@10.0.1
j  javafx.scene.control.skin.SliderSkin$$Lambda$141.handle(Ljavafx/event/Event;)V+8 javafx.controls@10.0.1
j  com.sun.javafx.event.CompositeEventHandler.dispatchBubblingEvent(Ljavafx/event/Event;)V+51 javafx.base@10.0.1
J 1547 c1 com.sun.javafx.event.EventHandlerManager.dispatchBubblingEvent(Ljavafx/event/EventType;Ljavafx/event/Event;)Ljavafx/event/Event; javafx.base@10.0.1 (34 bytes) @ 0x000002024d4cf064 [0x000002024d4ceb80+0x00000000000004e4]
j  com.sun.javafx.event.EventHandlerManager.dispatchBubblingEvent(Ljavafx/event/Event;)Ljavafx/event/Event;+8 javafx.base@10.0.1
j  com.sun.javafx.event.CompositeEventDispatcher.dispatchBubblingEvent(Ljavafx/event/Event;)Ljavafx/event/Event;+11 javafx.base@10.0.1
J 1645 c1 com.sun.javafx.event.BasicEventDispatcher.dispatchEvent(Ljavafx/event/Event;Ljavafx/event/EventDispatchChain;)Ljavafx/event/Event; javafx.base@10.0.1 (44 bytes) @ 0x000002024d5035ac [0x000002024d503280+0x000000000000032c]
J 1631 c1 com.sun.javafx.event.EventDispatchChainImpl.dispatchEvent(Ljavafx/event/Event;)Ljavafx/event/Event; javafx.base@10.0.1 (101 bytes) @ 0x000002024d4fcc14 [0x000002024d4fca60+0x00000000000001b4]
J 1645 c1 com.sun.javafx.event.BasicEventDispatcher.dispatchEvent(Ljavafx/event/Event;Ljavafx/event/EventDispatchChain;)Ljavafx/event/Event; javafx.base@10.0.1 (44 bytes) @ 0x000002024d5034c4 [0x000002024d503280+0x0000000000000244]
J 1631 c1 com.sun.javafx.event.EventDispatchChainImpl.dispatchEvent(Ljavafx/event/Event;)Ljavafx/event/Event; javafx.base@10.0.1 (101 bytes) @ 0x000002024d4fcc14 [0x000002024d4fca60+0x00000000000001b4]
J 1645 c1 com.sun.javafx.event.BasicEventDispatcher.dispatchEvent(Ljavafx/event/Event;Ljavafx/event/EventDispatchChain;)Ljavafx/event/Event; javafx.base@10.0.1 (44 bytes) @ 0x000002024d5034c4 [0x000002024d503280+0x0000000000000244]
J 1631 c1 com.sun.javafx.event.EventDispatchChainImpl.dispatchEvent(Ljavafx/event/Event;)Ljavafx/event/Event; javafx.base@10.0.1 (101 bytes) @ 0x000002024d4fcc14 [0x000002024d4fca60+0x00000000000001b4]
J 1645 c1 com.sun.javafx.event.BasicEventDispatcher.dispatchEvent(Ljavafx/event/Event;Ljavafx/event/EventDispatchChain;)Ljavafx/event/Event; javafx.base@10.0.1 (44 bytes) @ 0x000002024d5034c4 [0x000002024d503280+0x0000000000000244]
J 1631 c1 com.sun.javafx.event.EventDispatchChainImpl.dispatchEvent(Ljavafx/event/Event;)Ljavafx/event/Event; javafx.base@10.0.1 (101 bytes) @ 0x000002024d4fcc14 [0x000002024d4fca60+0x00000000000001b4]
j  com.sun.javafx.event.EventUtil.fireEventImpl(Ljavafx/event/EventDispatchChain;Ljavafx/event/EventTarget;Ljavafx/event/Event;)Ljavafx/event/Event;+10 javafx.base@10.0.1
j  com.sun.javafx.event.EventUtil.fireEvent(Ljavafx/event/EventTarget;Ljavafx/event/Event;)Ljavafx/event/Event;+46 javafx.base@10.0.1
j  javafx.event.Event.fireEvent(Ljavafx/event/EventTarget;Ljavafx/event/Event;)V+30 javafx.base@10.0.1
j  javafx.scene.Scene$MouseHandler.process(Ljavafx/scene/input/MouseEvent;Z)V+491 javafx.graphics@10.0.1
j  javafx.scene.Scene$MouseHandler.access$1300(Ljavafx/scene/Scene$MouseHandler;Ljavafx/scene/input/MouseEvent;Z)V+3 javafx.graphics@10.0.1
j  javafx.scene.Scene.processMouseEvent(Ljavafx/scene/input/MouseEvent;)V+6 javafx.graphics@10.0.1
j  javafx.scene.Scene$ScenePeerListener.mouseEvent(Ljavafx/event/EventType;DDDDLjavafx/scene/input/MouseButton;ZZZZZZZZZ)V+46 javafx.graphics@10.0.1
j  com.sun.javafx.tk.quantum.GlassViewEventHandler$MouseEventNotification.run()Ljava/lang/Void;+582 javafx.graphics@10.0.1
j  com.sun.javafx.tk.quantum.GlassViewEventHandler$MouseEventNotification.run()Ljava/lang/Object;+1 javafx.graphics@10.0.1
v  ~StubRoutines::call_stub
J 1623  java.security.AccessController.doPrivileged(Ljava/security/PrivilegedAction;Ljava/security/AccessControlContext;)Ljava/lang/Object; java.base@10.0.1 (0 bytes) @ 0x0000020254853626 [0x00000202548535c0+0x0000000000000066]
j  com.sun.javafx.tk.quantum.GlassViewEventHandler.lambda$handleMouseEvent$2()Ljava/lang/Void;+11 javafx.graphics@10.0.1
j  com.sun.javafx.tk.quantum.GlassViewEventHandler$$Lambda$176.get()Ljava/lang/Object;+4 javafx.graphics@10.0.1
J 1666 c1 com.sun.javafx.tk.quantum.QuantumToolkit.runWithoutRenderLock(Ljava/util/function/Supplier;)Ljava/lang/Object; javafx.graphics@10.0.1 (49 bytes) @ 0x000002024d511dec [0x000002024d511a40+0x00000000000003ac]
j  com.sun.javafx.tk.quantum.GlassViewEventHandler.handleMouseEvent(Lcom/sun/glass/ui/View;JIIIIIIIZZ)V+103 javafx.graphics@10.0.1
j  com.sun.glass.ui.View.handleMouseEvent(JIIIIIIIZZ)V+30 javafx.graphics@10.0.1
j  com.sun.glass.ui.View.notifyMouse(IIIIIIIZZ)V+181 javafx.graphics@10.0.1
v  ~StubRoutines::call_stub
j  com.sun.glass.ui.win.WinApplication._runLoop(Ljava/lang/Runnable;)V+0 javafx.graphics@10.0.1
j  com.sun.glass.ui.win.WinApplication.lambda$runLoop$3(ILjava/lang/Runnable;)V+8 javafx.graphics@10.0.1
j  com.sun.glass.ui.win.WinApplication$$Lambda$46.run()V+12 javafx.graphics@10.0.1
j  java.lang.Thread.run()V+11 java.base@10.0.1
v  ~StubRoutines::call_stub

siginfo: EXCEPTION_INT_DIVIDE_BY_ZERO (0xc0000094)


Register to memory mapping:

RIP=0x00007ffa45ab72aa is an unknown value
RAX=0x00000000000003ff is an unknown value
RBX=0x00000064d0ffb401 is pointing into the stack for thread: 0x000002026631c000
RCX=0x0000000000000001 is an unknown value
RDX=0x0000000000000000 is an unknown value
RSP=0x00000064d0ff9e80 is pointing into the stack for thread: 0x000002026631c000
RBP=0x00000064d0ff9f80 is pointing into the stack for thread: 0x000002026631c000
RSI=0x0000000000000000 is an unknown value
RDI=0x0000000000000000 is an unknown value
R8 =0x00000064d0ffa028 is pointing into the stack for thread: 0x000002026631c000
R9 =0x0000000000000008 is an unknown value
R10=0x00000064d0ffa020 is pointing into the stack for thread: 0x000002026631c000
R11=0x00000064d0ffa168 is pointing into the stack for thread: 0x000002026631c000
R12=0x0000000000000001 is an unknown value
R13=0x0000000000010001 is an unknown value
R14=0x0000000000020000 is an unknown value
R15=0x0000000000000000 is an unknown value


Registers:
RAX=0x00000000000003ff, RBX=0x00000064d0ffb401, RCX=0x0000000000000001, RDX=0x0000000000000000
RSP=0x00000064d0ff9e80, RBP=0x00000064d0ff9f80, RSI=0x0000000000000000, RDI=0x0000000000000000
R8 =0x00000064d0ffa028, R9 =0x0000000000000008, R10=0x00000064d0ffa020, R11=0x00000064d0ffa168
R12=0x0000000000000001, R13=0x0000000000010001, R14=0x0000000000020000, R15=0x0000000000000000
RIP=0x00007ffa45ab72aa, EFLAGS=0x0000000000010246

Top of Stack: (sp=0x00000064d0ff9e80)
0x00000064d0ff9e80:   00000064d0ff9ea0 000000646554fea8
0x00000064d0ff9e90:   000002024ccd9e80 000000076f620338
0x00000064d0ff9ea0:   000000070d7e8870 000000070d7e87a0
0x00000064d0ff9eb0:   000000646f620ed8 000000006f5bbcc0
0x00000064d0ff9ec0:   00000064656514e8 000002026f4e0030
0x00000064d0ff9ed0:   0000000065650101 00000064d0ffb448
0x00000064d0ff9ee0:   000002026e5871f0 000000006f62d938
0x00000064d0ff9ef0:   000000646f62ea40 0000000000000000
0x00000064d0ff9f00:   000002026f62e9f0 00007ffa459f1be0
0x00000064d0ff9f10:   0000000000000020 000000006f61d5e0
0x00000064d0ff9f20:   000002026f5bd1d0 000002026f554008
0x00000064d0ff9f30:   000000070d7e87a0 000000006547aaa0
0x00000064d0ff9f40:   0000000000000000 000000006f62e8b0
0x00000064d0ff9f50:   0000000000000000 0000000000000000
0x00000064d0ff9f60:   000000006f62e9a0 000000006f54e220
0x00000064d0ff9f70:   0000000000000000 fffffffffffffffe 

Instructions: (pc=0x00007ffa45ab72aa)
0x00007ffa45ab728a:   00 00 85 ff 7e 0c 48 8b 85 28 02 00 00 4c 8b 7c
0x00007ffa45ab729a:   f8 f8 4c 89 7c 24 78 49 8d 87 ff 03 00 00 33 d2
0x00007ffa45ab72aa:   49 f7 f7 4c 8b f0 48 89 44 24 60 4c 8b 54 24 58
0x00007ffa45ab72ba:   4d 8b 12 c7 44 24 30 00 00 00 00 c6 44 24 28 00 



---------------  P R O C E S S  ---------------

Threads class SMR info:
_java_thread_list=0x00000202704ac0d0, length=19, elements={
0x000002024193e800, 0x0000020265b79800, 0x0000020265b7b800, 0x0000020265b72800,
0x0000020265b73800, 0x0000020265bcd800, 0x0000020265bd3000, 0x0000020265bdf000,
0x0000020265c44800, 0x0000020266064800, 0x00000202660ee800, 0x00000202660ef000,
0x0000020266288000, 0x000002026631b000, 0x000002026631c000, 0x00000202664bc000,
0x000002026659b000, 0x000002026659a800, 0x000002026659c000
}

Java Threads: ( => current thread )
  0x000002024193e800 JavaThread "main" [_thread_blocked, id=9288, stack(0x00000064cf100000,0x00000064cf200000)]
  0x0000020265b79800 JavaThread "Reference Handler" daemon [_thread_blocked, id=12696, stack(0x00000064cff00000,0x00000064d0000000)]
  0x0000020265b7b800 JavaThread "Finalizer" daemon [_thread_blocked, id=5880, stack(0x00000064d0000000,0x00000064d0100000)]
  0x0000020265b72800 JavaThread "Signal Dispatcher" daemon [_thread_blocked, id=5848, stack(0x00000064d0200000,0x00000064d0300000)]
  0x0000020265b73800 JavaThread "Attach Listener" daemon [_thread_blocked, id=8552, stack(0x00000064d0300000,0x00000064d0400000)]
  0x0000020265bcd800 JavaThread "C2 CompilerThread0" daemon [_thread_blocked, id=13108, stack(0x00000064d0400000,0x00000064d0500000)]
  0x0000020265bd3000 JavaThread "C2 CompilerThread1" daemon [_thread_blocked, id=12804, stack(0x00000064d0500000,0x00000064d0600000)]
  0x0000020265bdf000 JavaThread "C1 CompilerThread2" daemon [_thread_blocked, id=7380, stack(0x00000064d0600000,0x00000064d0700000)]
  0x0000020265c44800 JavaThread "Sweeper thread" daemon [_thread_blocked, id=2320, stack(0x00000064d0700000,0x00000064d0800000)]
  0x0000020266064800 JavaThread "Common-Cleaner" daemon [_thread_blocked, id=5336, stack(0x00000064d0800000,0x00000064d0900000)]
  0x00000202660ee800 JavaThread "Monitor Ctrl-Break" daemon [_thread_in_native, id=8888, stack(0x00000064d0900000,0x00000064d0a00000)]
  0x00000202660ef000 JavaThread "Service Thread" daemon [_thread_blocked, id=12028, stack(0x00000064d0a00000,0x00000064d0b00000)]
  0x0000020266288000 JavaThread "QuantumRenderer-0" daemon [_thread_blocked, id=11416, stack(0x00000064d0c00000,0x00000064d0d00000)]
  0x000002026631b000 JavaThread "InvokeLaterDispatcher" daemon [_thread_blocked, id=10136, stack(0x00000064d0e00000,0x00000064d0f00000)]
=>0x000002026631c000 JavaThread "JavaFX Application Thread" [_thread_in_native, id=6416, stack(0x00000064d0f00000,0x00000064d1000000)]
  0x00000202664bc000 JavaThread "JavaFX-Launcher" [_thread_blocked, id=4896, stack(0x00000064d1400000,0x00000064d1500000)]
  0x000002026659b000 JavaThread "Thread-2" daemon [_thread_in_native, id=8904, stack(0x00000064d1300000,0x00000064d1400000)]
  0x000002026659a800 JavaThread "Java2D Disposer" daemon [_thread_blocked, id=12744, stack(0x00000064d1500000,0x00000064d1600000)]
  0x000002026659c000 JavaThread "Cleaner-0" daemon [_thread_blocked, id=2608, stack(0x00000064d1c00000,0x00000064d1d00000)]

Other Threads:
  0x0000020265b63800 VMThread "VM Thread" [stack: 0x00000064cfe00000,0x00000064cff00000] [id=12972]
  0x0000020266100800 WatcherThread [stack: 0x00000064d0b00000,0x00000064d0c00000] [id=11456]
  0x0000020241956800 GCTaskThread "GC Thread#0" [stack: 0x00000064cf300000,0x00000064cf400000] [id=13128]
  0x0000020241958000 GCTaskThread "GC Thread#1" [stack: 0x00000064cf400000,0x00000064cf500000] [id=3412]
  0x000002024195a800 GCTaskThread "GC Thread#2" [stack: 0x00000064cf500000,0x00000064cf600000] [id=7488]
  0x000002024195d000 GCTaskThread "GC Thread#3" [stack: 0x00000064cf600000,0x00000064cf700000] [id=4108]
  0x00000202419fb000 ConcurrentGCThread "G1 Main Marker" [stack: 0x00000064cf700000,0x00000064cf800000] [id=1628]
  0x00000202419fe800 ConcurrentGCThread "G1 Conc#0" [stack: 0x00000064cf800000,0x00000064cf900000] [id=3268]
  0x00000202651e6000 ConcurrentGCThread "G1 Refine#0" [stack: 0x00000064cf900000,0x00000064cfa00000] [id=5548]
  0x00000202651e7000 ConcurrentGCThread "G1 Refine#1" [stack: 0x00000064cfa00000,0x00000064cfb00000] [id=6560]
  0x00000202651e9000 ConcurrentGCThread "G1 Refine#2" [stack: 0x00000064cfb00000,0x00000064cfc00000] [id=11840]
  0x00000202651ea000 ConcurrentGCThread "G1 Refine#3" [stack: 0x00000064cfc00000,0x00000064cfd00000] [id=13300]
  0x00000202651ed000 ConcurrentGCThread "G1 Young RemSet Sampling" [stack: 0x00000064cfd00000,0x00000064cfe00000] [id=3764]

Threads with active compile tasks:

VM state:not at safepoint (normal execution)

VM Mutex/Monitor currently owned by a thread: None

Heap address: 0x0000000701a00000, size: 3046 MB, Compressed Oops mode: Zero based, Oop shift amount: 3
Narrow klass base: 0x0000000000000000, Narrow klass shift: 3
Compressed class space size: 1073741824 Address: 0x00000007c0000000

Heap:
 garbage-first heap   total 196608K, used 9480K [0x0000000701a00000, 0x00000007c0000000)
  region size 1024K, 5 young (5120K), 2 survivors (2048K)
 Metaspace       used 19661K, capacity 20235K, committed 20480K, reserved 1067008K
  class space    used 2260K, capacity 2510K, committed 2560K, reserved 1048576K
Heap Regions: E=young(eden), S=young(survivor), O=old, HS=humongous(starts), HC=humongous(continues), CS=collection set, F=free, A=archive, TS=gc time stamp, AC=allocation context, TAMS=top-at-mark-start (previous, next)
|   0|0x0000000701a00000, 0x0000000701b00000, 0x0000000701b00000|100%| O|  |TS  1|AC  0|TAMS 0x0000000701a00000, 0x0000000701a00000|
|   1|0x0000000701b00000, 0x0000000701c00000, 0x0000000701c00000|100%| O|  |TS  1|AC  0|TAMS 0x0000000701b00000, 0x0000000701b00000|
|   2|0x0000000701c00000, 0x0000000701d00000, 0x0000000701d00000|100%| O|  |TS  2|AC  0|TAMS 0x0000000701c00000, 0x0000000701c00000|
|   3|0x0000000701d00000, 0x0000000701e00000, 0x0000000701e00000|100%|HS|  |TS  0|AC  0|TAMS 0x0000000701d00000, 0x0000000701d00000|
|   4|0x0000000701e00000, 0x0000000701f00000, 0x0000000701f00000|100%|HC|  |TS  0|AC  0|TAMS 0x0000000701e00000, 0x0000000701e00000|
|   5|0x0000000701f00000, 0x0000000701ffe600, 0x0000000702000000| 99%| O|  |TS  2|AC  0|TAMS 0x0000000701f00000, 0x0000000701f00000|
|   6|0x0000000702000000, 0x0000000702000000, 0x0000000702100000|  0%| F|  |TS  0|AC  0|TAMS 0x0000000702000000, 0x0000000702000000|
|   7|0x0000000702100000, 0x0000000702100000, 0x0000000702200000|  0%| F|  |TS  0|AC  0|TAMS 0x0000000702100000, 0x0000000702100000|
|   8|0x0000000702200000, 0x0000000702200000, 0x0000000702300000|  0%| F|  |TS  0|AC  0|TAMS 0x0000000702200000, 0x0000000702200000|
|   9|0x0000000702300000, 0x0000000702300000, 0x0000000702400000|  0%| F|  |TS  0|AC  0|TAMS 0x0000000702300000, 0x0000000702300000|
|  10|0x0000000702400000, 0x0000000702400000, 0x0000000702500000|  0%| F|  |TS  0|AC  0|TAMS 0x0000000702400000, 0x0000000702400000|
|  11|0x0000000702500000, 0x0000000702500000, 0x0000000702600000|  0%| F|  |TS  0|AC  0|TAMS 0x0000000702500000, 0x0000000702500000|
|  12|0x0000000702600000, 0x0000000702600000, 0x0000000702700000|  0%| F|  |TS  0|AC  0|TAMS 0x0000000702600000, 0x0000000702600000|
|  13|0x0000000702700000, 0x0000000702700000, 0x0000000702800000|  0%| F|  |TS  0|AC  0|TAMS 0x0000000702700000, 0x0000000702700000|
|  14|0x0000000702800000, 0x0000000702800000, 0x0000000702900000|  0%| F|  |TS  0|AC  0|TAMS 0x0000000702800000, 0x0000000702800000|
|  15|0x0000000702900000, 0x0000000702900000, 0x0000000702a00000|  0%| F|  |TS  0|AC  0|TAMS 0x0000000702900000, 0x0000000702900000|
|  16|0x0000000702a00000, 0x0000000702a00000, 0x0000000702b00000|  0%| F|  |TS  0|AC  0|TAMS 0x0000000702a00000, 0x0000000702a00000|
|  17|0x0000000702b00000, 0x0000000702b00000, 0x0000000702c00000|  0%| F|  |TS  0|AC  0|TAMS 0x0000000702b00000, 0x0000000702b00000|
|  18|0x0000000702c00000, 0x0000000702c00000, 0x0000000702d00000|  0%| F|  |TS  0|AC  0|TAMS 0x0000000702c00000, 0x0000000702c00000|
|  19|0x0000000702d00000, 0x0000000702d00000, 0x0000000702e00000|  0%| F|  |TS  0|AC  0|TAMS 0x0000000702d00000, 0x0000000702d00000|
|  20|0x0000000702e00000, 0x0000000702e00000, 0x0000000702f00000|  0%| F|  |TS  0|AC  0|TAMS 0x0000000702e00000, 0x0000000702e00000|
|  21|0x0000000702f00000, 0x0000000702f00000, 0x0000000703000000|  0%| F|  |TS  0|AC  0|TAMS 0x0000000702f00000, 0x0000000702f00000|
|  22|0x0000000703000000, 0x0000000703000000, 0x0000000703100000|  0%| F|  |TS  0|AC  0|TAMS 0x0000000703000000, 0x0000000703000000|
|  23|0x0000000703100000, 0x0000000703100000, 0x0000000703200000|  0%| F|  |TS  0|AC  0|TAMS 0x0000000703100000, 0x0000000703100000|
|  24|0x0000000703200000, 0x0000000703200000, 0x0000000703300000|  0%| F|  |TS  0|AC  0|TAMS 0x0000000703200000, 0x0000000703200000|
|  25|0x0000000703300000, 0x0000000703300000, 0x0000000703400000|  0%| F|  |TS  0|AC  0|TAMS 0x0000000703300000, 0x0000000703300000|
|  26|0x0000000703400000, 0x0000000703400000, 0x0000000703500000|  0%| F|  |TS  0|AC  0|TAMS 0x0000000703400000, 0x0000000703400000|
|  27|0x0000000703500000, 0x0000000703500000, 0x0000000703600000|  0%| F|  |TS  0|AC  0|TAMS 0x0000000703500000, 0x0000000703500000|
|  28|0x0000000703600000, 0x0000000703600000, 0x0000000703700000|  0%| F|  |TS  0|AC  0|TAMS 0x0000000703600000, 0x0000000703600000|
|  29|0x0000000703700000, 0x0000000703700000, 0x0000000703800000|  0%| F|  |TS  0|AC  0|TAMS 0x0000000703700000, 0x0000000703700000|
|  30|0x0000000703800000, 0x0000000703800000, 0x0000000703900000|  0%| F|  |TS  0|AC  0|TAMS 0x0000000703800000, 0x0000000703800000|
|  31|0x0000000703900000, 0x0000000703900000, 0x0000000703a00000|  0%| F|  |TS  0|AC  0|TAMS 0x0000000703900000, 0x0000000703900000|
|  32|0x0000000703a00000, 0x0000000703a00000, 0x0000000703b00000|  0%| F|  |TS  0|AC  0|TAMS 0x0000000703a00000, 0x0000000703a00000|
|  33|0x0000000703b00000, 0x0000000703b00000, 0x0000000703c00000|  0%| F|  |TS  0|AC  0|TAMS 0x0000000703b00000, 0x0000000703b00000|
|  34|0x0000000703c00000, 0x0000000703c00000, 0x0000000703d00000|  0%| F|  |TS  0|AC  0|TAMS 0x0000000703c00000, 0x0000000703c00000|
|  35|0x0000000703d00000, 0x0000000703d00000, 0x0000000703e00000|  0%| F|  |TS  0|AC  0|TAMS 0x0000000703d00000, 0x0000000703d00000|
|  36|0x0000000703e00000, 0x0000000703e00000, 0x0000000703f00000|  0%| F|  |TS  0|AC  0|TAMS 0x0000000703e00000, 0x0000000703e00000|
|  37|0x0000000703f00000, 0x0000000703f00000, 0x0000000704000000|  0%| F|  |TS  0|AC  0|TAMS 0x0000000703f00000, 0x0000000703f00000|
|  38|0x0000000704000000, 0x0000000704000000, 0x0000000704100000|  0%| F|  |TS  0|AC  0|TAMS 0x0000000704000000, 0x0000000704000000|
|  39|0x0000000704100000, 0x0000000704100000, 0x0000000704200000|  0%| F|  |TS  0|AC  0|TAMS 0x0000000704100000, 0x0000000704100000|
|  40|0x0000000704200000, 0x0000000704200000, 0x0000000704300000|  0%| F|  |TS  0|AC  0|TAMS 0x0000000704200000, 0x0000000704200000|
|  41|0x0000000704300000, 0x0000000704300000, 0x0000000704400000|  0%| F|  |TS  0|AC  0|TAMS 0x0000000704300000, 0x0000000704300000|
|  42|0x0000000704400000, 0x0000000704400000, 0x0000000704500000|  0%| F|  |TS  0|AC  0|TAMS 0x0000000704400000, 0x0000000704400000|
|  43|0x0000000704500000, 0x0000000704500000, 0x0000000704600000|  0%| F|  |TS  0|AC  0|TAMS 0x0000000704500000, 0x0000000704500000|
|  44|0x0000000704600000, 0x0000000704600000, 0x0000000704700000|  0%| F|  |TS  0|AC  0|TAMS 0x0000000704600000, 0x0000000704600000|
|  45|0x0000000704700000, 0x0000000704700000, 0x0000000704800000|  0%| F|  |TS  0|AC  0|TAMS 0x0000000704700000, 0x0000000704700000|
|  46|0x0000000704800000, 0x0000000704800000, 0x0000000704900000|  0%| F|  |TS  0|AC  0|TAMS 0x0000000704800000, 0x0000000704800000|
|  47|0x0000000704900000, 0x0000000704900000, 0x0000000704a00000|  0%| F|  |TS  0|AC  0|TAMS 0x0000000704900000, 0x0000000704900000|
|  48|0x0000000704a00000, 0x0000000704a00000, 0x0000000704b00000|  0%| F|  |TS  0|AC  0|TAMS 0x0000000704a00000, 0x0000000704a00000|
|  49|0x0000000704b00000, 0x0000000704b00000, 0x0000000704c00000|  0%| F|  |TS  0|AC  0|TAMS 0x0000000704b00000, 0x0000000704b00000|
|  50|0x0000000704c00000, 0x0000000704c00000, 0x0000000704d00000|  0%| F|  |TS  0|AC  0|TAMS 0x0000000704c00000, 0x0000000704c00000|
|  51|0x0000000704d00000, 0x0000000704d00000, 0x0000000704e00000|  0%| F|  |TS  0|AC  0|TAMS 0x0000000704d00000, 0x0000000704d00000|
|  52|0x0000000704e00000, 0x0000000704e00000, 0x0000000704f00000|  0%| F|  |TS  0|AC  0|TAMS 0x0000000704e00000, 0x0000000704e00000|
|  53|0x0000000704f00000, 0x0000000704f00000, 0x0000000705000000|  0%| F|  |TS  0|AC  0|TAMS 0x0000000704f00000, 0x0000000704f00000|
|  54|0x0000000705000000, 0x0000000705000000, 0x0000000705100000|  0%| F|  |TS  0|AC  0|TAMS 0x0000000705000000, 0x0000000705000000|
|  55|0x0000000705100000, 0x0000000705100000, 0x0000000705200000|  0%| F|  |TS  0|AC  0|TAMS 0x0000000705100000, 0x0000000705100000|
|  56|0x0000000705200000, 0x0000000705200000, 0x0000000705300000|  0%| F|  |TS  0|AC  0|TAMS 0x0000000705200000, 0x0000000705200000|
|  57|0x0000000705300000, 0x0000000705300000, 0x0000000705400000|  0%| F|  |TS  0|AC  0|TAMS 0x0000000705300000, 0x0000000705300000|
|  58|0x0000000705400000, 0x0000000705400000, 0x0000000705500000|  0%| F|  |TS  0|AC  0|TAMS 0x0000000705400000, 0x0000000705400000|
|  59|0x0000000705500000, 0x0000000705500000, 0x0000000705600000|  0%| F|  |TS  0|AC  0|TAMS 0x0000000705500000, 0x0000000705500000|
|  60|0x0000000705600000, 0x0000000705600000, 0x0000000705700000|  0%| F|  |TS  0|AC  0|TAMS 0x0000000705600000, 0x0000000705600000|
|  61|0x0000000705700000, 0x0000000705700000, 0x0000000705800000|  0%| F|  |TS  0|AC  0|TAMS 0x0000000705700000, 0x0000000705700000|
|  62|0x0000000705800000, 0x0000000705800000, 0x0000000705900000|  0%| F|  |TS  0|AC  0|TAMS 0x0000000705800000, 0x0000000705800000|
|  63|0x0000000705900000, 0x0000000705900000, 0x0000000705a00000|  0%| F|  |TS  0|AC  0|TAMS 0x0000000705900000, 0x0000000705900000|
|  64|0x0000000705a00000, 0x0000000705a00000, 0x0000000705b00000|  0%| F|  |TS  0|AC  0|TAMS 0x0000000705a00000, 0x0000000705a00000|
|  65|0x0000000705b00000, 0x0000000705b00000, 0x0000000705c00000|  0%| F|  |TS  0|AC  0|TAMS 0x0000000705b00000, 0x0000000705b00000|
|  66|0x0000000705c00000, 0x0000000705c00000, 0x0000000705d00000|  0%| F|  |TS  0|AC  0|TAMS 0x0000000705c00000, 0x0000000705c00000|
|  67|0x0000000705d00000, 0x0000000705d00000, 0x0000000705e00000|  0%| F|  |TS  0|AC  0|TAMS 0x0000000705d00000, 0x0000000705d00000|
|  68|0x0000000705e00000, 0x0000000705e00000, 0x0000000705f00000|  0%| F|  |TS  0|AC  0|TAMS 0x0000000705e00000, 0x0000000705e00000|
|  69|0x0000000705f00000, 0x0000000705f00000, 0x0000000706000000|  0%| F|  |TS  0|AC  0|TAMS 0x0000000705f00000, 0x0000000705f00000|
|  70|0x0000000706000000, 0x0000000706000000, 0x0000000706100000|  0%| F|  |TS  0|AC  0|TAMS 0x0000000706000000, 0x0000000706000000|
|  71|0x0000000706100000, 0x0000000706100000, 0x0000000706200000|  0%| F|  |TS  0|AC  0|TAMS 0x0000000706100000, 0x0000000706100000|
|  72|0x0000000706200000, 0x0000000706200000, 0x0000000706300000|  0%| F|  |TS  0|AC  0|TAMS 0x0000000706200000, 0x0000000706200000|
|  73|0x0000000706300000, 0x0000000706300000, 0x0000000706400000|  0%| F|  |TS  0|AC  0|TAMS 0x0000000706300000, 0x0000000706300000|
|  74|0x0000000706400000, 0x0000000706400000, 0x0000000706500000|  0%| F|  |TS  0|AC  0|TAMS 0x0000000706400000, 0x0000000706400000|
|  75|0x0000000706500000, 0x0000000706500000, 0x0000000706600000|  0%| F|  |TS  0|AC  0|TAMS 0x0000000706500000, 0x0000000706500000|
|  76|0x0000000706600000, 0x0000000706600000, 0x0000000706700000|  0%| F|  |TS  0|AC  0|TAMS 0x0000000706600000, 0x0000000706600000|
|  77|0x0000000706700000, 0x0000000706700000, 0x0000000706800000|  0%| F|  |TS  0|AC  0|TAMS 0x0000000706700000, 0x0000000706700000|
|  78|0x0000000706800000, 0x0000000706800000, 0x0000000706900000|  0%| F|  |TS  0|AC  0|TAMS 0x0000000706800000, 0x0000000706800000|
|  79|0x0000000706900000, 0x0000000706900000, 0x0000000706a00000|  0%| F|  |TS  0|AC  0|TAMS 0x0000000706900000, 0x0000000706900000|
|  80|0x0000000706a00000, 0x0000000706a00000, 0x0000000706b00000|  0%| F|  |TS  0|AC  0|TAMS 0x0000000706a00000, 0x0000000706a00000|
|  81|0x0000000706b00000, 0x0000000706b00000, 0x0000000706c00000|  0%| F|  |TS  0|AC  0|TAMS 0x0000000706b00000, 0x0000000706b00000|
|  82|0x0000000706c00000, 0x0000000706c00000, 0x0000000706d00000|  0%| F|  |TS  0|AC  0|TAMS 0x0000000706c00000, 0x0000000706c00000|
|  83|0x0000000706d00000, 0x0000000706d00000, 0x0000000706e00000|  0%| F|  |TS  0|AC  0|TAMS 0x0000000706d00000, 0x0000000706d00000|
|  84|0x0000000706e00000, 0x0000000706e00000, 0x0000000706f00000|  0%| F|  |TS  0|AC  0|TAMS 0x0000000706e00000, 0x0000000706e00000|
|  85|0x0000000706f00000, 0x0000000706f00000, 0x0000000707000000|  0%| F|  |TS  0|AC  0|TAMS 0x0000000706f00000, 0x0000000706f00000|
|  86|0x0000000707000000, 0x0000000707000000, 0x0000000707100000|  0%| F|  |TS  0|AC  0|TAMS 0x0000000707000000, 0x0000000707000000|
|  87|0x0000000707100000, 0x0000000707100000, 0x0000000707200000|  0%| F|  |TS  0|AC  0|TAMS 0x0000000707100000, 0x0000000707100000|
|  88|0x0000000707200000, 0x0000000707200000, 0x0000000707300000|  0%| F|  |TS  0|AC  0|TAMS 0x0000000707200000, 0x0000000707200000|
|  89|0x0000000707300000, 0x0000000707300000, 0x0000000707400000|  0%| F|  |TS  0|AC  0|TAMS 0x0000000707300000, 0x0000000707300000|
|  90|0x0000000707400000, 0x0000000707400000, 0x0000000707500000|  0%| F|  |TS  0|AC  0|TAMS 0x0000000707400000, 0x0000000707400000|
|  91|0x0000000707500000, 0x0000000707500000, 0x0000000707600000|  0%| F|  |TS  0|AC  0|TAMS 0x0000000707500000, 0x0000000707500000|
|  92|0x0000000707600000, 0x0000000707600000, 0x0000000707700000|  0%| F|  |TS  0|AC  0|TAMS 0x0000000707600000, 0x0000000707600000|
|  93|0x0000000707700000, 0x0000000707700000, 0x0000000707800000|  0%| F|  |TS  0|AC  0|TAMS 0x0000000707700000, 0x0000000707700000|
|  94|0x0000000707800000, 0x0000000707800000, 0x0000000707900000|  0%| F|  |TS  0|AC  0|TAMS 0x0000000707800000, 0x0000000707800000|
|  95|0x0000000707900000, 0x0000000707900000, 0x0000000707a00000|  0%| F|  |TS  0|AC  0|TAMS 0x0000000707900000, 0x0000000707900000|
|  96|0x0000000707a00000, 0x0000000707a00000, 0x0000000707b00000|  0%| F|  |TS  0|AC  0|TAMS 0x0000000707a00000, 0x0000000707a00000|
|  97|0x0000000707b00000, 0x0000000707b00000, 0x0000000707c00000|  0%| F|  |TS  0|AC  0|TAMS 0x0000000707b00000, 0x0000000707b00000|
|  98|0x0000000707c00000, 0x0000000707c00000, 0x0000000707d00000|  0%| F|  |TS  0|AC  0|TAMS 0x0000000707c00000, 0x0000000707c00000|
|  99|0x0000000707d00000, 0x0000000707d00000, 0x0000000707e00000|  0%| F|  |TS  0|AC  0|TAMS 0x0000000707d00000, 0x0000000707d00000|
| 100|0x0000000707e00000, 0x0000000707e00000, 0x0000000707f00000|  0%| F|  |TS  0|AC  0|TAMS 0x0000000707e00000, 0x0000000707e00000|
| 101|0x0000000707f00000, 0x0000000707f00000, 0x0000000708000000|  0%| F|  |TS  0|AC  0|TAMS 0x0000000707f00000, 0x0000000707f00000|
| 102|0x0000000708000000, 0x0000000708000000, 0x0000000708100000|  0%| F|  |TS  0|AC  0|TAMS 0x0000000708000000, 0x0000000708000000|
| 103|0x0000000708100000, 0x0000000708100000, 0x0000000708200000|  0%| F|  |TS  0|AC  0|TAMS 0x0000000708100000, 0x0000000708100000|
| 104|0x0000000708200000, 0x0000000708200000, 0x0000000708300000|  0%| F|  |TS  0|AC  0|TAMS 0x0000000708200000, 0x0000000708200000|
| 105|0x0000000708300000, 0x0000000708300000, 0x0000000708400000|  0%| F|  |TS  0|AC  0|TAMS 0x0000000708300000, 0x0000000708300000|
| 106|0x0000000708400000, 0x0000000708400000, 0x0000000708500000|  0%| F|  |TS  0|AC  0|TAMS 0x0000000708400000, 0x0000000708400000|
| 107|0x0000000708500000, 0x0000000708500000, 0x0000000708600000|  0%| F|  |TS  0|AC  0|TAMS 0x0000000708500000, 0x0000000708500000|
| 108|0x0000000708600000, 0x0000000708600000, 0x0000000708700000|  0%| F|  |TS  0|AC  0|TAMS 0x0000000708600000, 0x0000000708600000|
| 109|0x0000000708700000, 0x0000000708700000, 0x0000000708800000|  0%| F|  |TS  0|AC  0|TAMS 0x0000000708700000, 0x0000000708700000|
| 110|0x0000000708800000, 0x0000000708800000, 0x0000000708900000|  0%| F|  |TS  0|AC  0|TAMS 0x0000000708800000, 0x0000000708800000|
| 111|0x0000000708900000, 0x0000000708900000, 0x0000000708a00000|  0%| F|  |TS  0|AC  0|TAMS 0x0000000708900000, 0x0000000708900000|
| 112|0x0000000708a00000, 0x0000000708a00000, 0x0000000708b00000|  0%| F|  |TS  0|AC  0|TAMS 0x0000000708a00000, 0x0000000708a00000|
| 113|0x0000000708b00000, 0x0000000708b00000, 0x0000000708c00000|  0%| F|  |TS  0|AC  0|TAMS 0x0000000708b00000, 0x0000000708b00000|
| 114|0x0000000708c00000, 0x0000000708c00000, 0x0000000708d00000|  0%| F|  |TS  0|AC  0|TAMS 0x0000000708c00000, 0x0000000708c00000|
| 115|0x0000000708d00000, 0x0000000708d00000, 0x0000000708e00000|  0%| F|  |TS  0|AC  0|TAMS 0x0000000708d00000, 0x0000000708d00000|
| 116|0x0000000708e00000, 0x0000000708e00000, 0x0000000708f00000|  0%| F|  |TS  0|AC  0|TAMS 0x0000000708e00000, 0x0000000708e00000|
| 117|0x0000000708f00000, 0x0000000708f00000, 0x0000000709000000|  0%| F|  |TS  0|AC  0|TAMS 0x0000000708f00000, 0x0000000708f00000|
| 118|0x0000000709000000, 0x0000000709000000, 0x0000000709100000|  0%| F|  |TS  0|AC  0|TAMS 0x0000000709000000, 0x0000000709000000|
| 119|0x0000000709100000, 0x0000000709100000, 0x0000000709200000|  0%| F|  |TS  0|AC  0|TAMS 0x0000000709100000, 0x0000000709100000|
| 120|0x0000000709200000, 0x0000000709200000, 0x0000000709300000|  0%| F|  |TS  0|AC  0|TAMS 0x0000000709200000, 0x0000000709200000|
| 121|0x0000000709300000, 0x0000000709300000, 0x0000000709400000|  0%| F|  |TS  0|AC  0|TAMS 0x0000000709300000, 0x0000000709300000|
| 122|0x0000000709400000, 0x0000000709400000, 0x0000000709500000|  0%| F|  |TS  0|AC  0|TAMS 0x0000000709400000, 0x0000000709400000|
| 123|0x0000000709500000, 0x0000000709500000, 0x0000000709600000|  0%| F|  |TS  0|AC  0|TAMS 0x0000000709500000, 0x0000000709500000|
| 124|0x0000000709600000, 0x0000000709600000, 0x0000000709700000|  0%| F|  |TS  0|AC  0|TAMS 0x0000000709600000, 0x0000000709600000|
| 125|0x0000000709700000, 0x0000000709700000, 0x0000000709800000|  0%| F|  |TS  0|AC  0|TAMS 0x0000000709700000, 0x0000000709700000|
| 126|0x0000000709800000, 0x0000000709800000, 0x0000000709900000|  0%| F|  |TS  0|AC  0|TAMS 0x0000000709800000, 0x0000000709800000|
| 127|0x0000000709900000, 0x0000000709900000, 0x0000000709a00000|  0%| F|  |TS  0|AC  0|TAMS 0x0000000709900000, 0x0000000709900000|
| 128|0x0000000709a00000, 0x0000000709a00000, 0x0000000709b00000|  0%| F|  |TS  0|AC  0|TAMS 0x0000000709a00000, 0x0000000709a00000|
| 129|0x0000000709b00000, 0x0000000709b00000, 0x0000000709c00000|  0%| F|  |TS  0|AC  0|TAMS 0x0000000709b00000, 0x0000000709b00000|
| 130|0x0000000709c00000, 0x0000000709c00000, 0x0000000709d00000|  0%| F|  |TS  0|AC  0|TAMS 0x0000000709c00000, 0x0000000709c00000|
| 131|0x0000000709d00000, 0x0000000709d00000, 0x0000000709e00000|  0%| F|  |TS  0|AC  0|TAMS 0x0000000709d00000, 0x0000000709d00000|
| 132|0x0000000709e00000, 0x0000000709e00000, 0x0000000709f00000|  0%| F|  |TS  0|AC  0|TAMS 0x0000000709e00000, 0x0000000709e00000|
| 133|0x0000000709f00000, 0x0000000709f00000, 0x000000070a000000|  0%| F|  |TS  0|AC  0|TAMS 0x0000000709f00000, 0x0000000709f00000|
| 134|0x000000070a000000, 0x000000070a000000, 0x000000070a100000|  0%| F|  |TS  0|AC  0|TAMS 0x000000070a000000, 0x000000070a000000|
| 135|0x000000070a100000, 0x000000070a100000, 0x000000070a200000|  0%| F|  |TS  0|AC  0|TAMS 0x000000070a100000, 0x000000070a100000|
| 136|0x000000070a200000, 0x000000070a200000, 0x000000070a300000|  0%| F|  |TS  0|AC  0|TAMS 0x000000070a200000, 0x000000070a200000|
| 137|0x000000070a300000, 0x000000070a300000, 0x000000070a400000|  0%| F|  |TS  0|AC  0|TAMS 0x000000070a300000, 0x000000070a300000|
| 138|0x000000070a400000, 0x000000070a400000, 0x000000070a500000|  0%| F|  |TS  0|AC  0|TAMS 0x000000070a400000, 0x000000070a400000|
| 139|0x000000070a500000, 0x000000070a500000, 0x000000070a600000|  0%| F|  |TS  0|AC  0|TAMS 0x000000070a500000, 0x000000070a500000|
| 140|0x000000070a600000, 0x000000070a600000, 0x000000070a700000|  0%| F|  |TS  0|AC  0|TAMS 0x000000070a600000, 0x000000070a600000|
| 141|0x000000070a700000, 0x000000070a700000, 0x000000070a800000|  0%| F|  |TS  0|AC  0|TAMS 0x000000070a700000, 0x000000070a700000|
| 142|0x000000070a800000, 0x000000070a800000, 0x000000070a900000|  0%| F|  |TS  0|AC  0|TAMS 0x000000070a800000, 0x000000070a800000|
| 143|0x000000070a900000, 0x000000070a900000, 0x000000070aa00000|  0%| F|  |TS  0|AC  0|TAMS 0x000000070a900000, 0x000000070a900000|
| 144|0x000000070aa00000, 0x000000070aa00000, 0x000000070ab00000|  0%| F|  |TS  0|AC  0|TAMS 0x000000070aa00000, 0x000000070aa00000|
| 145|0x000000070ab00000, 0x000000070ab00000, 0x000000070ac00000|  0%| F|  |TS  0|AC  0|TAMS 0x000000070ab00000, 0x000000070ab00000|
| 146|0x000000070ac00000, 0x000000070ac00000, 0x000000070ad00000|  0%| F|  |TS  0|AC  0|TAMS 0x000000070ac00000, 0x000000070ac00000|
| 147|0x000000070ad00000, 0x000000070ad00000, 0x000000070ae00000|  0%| F|  |TS  0|AC  0|TAMS 0x000000070ad00000, 0x000000070ad00000|
| 148|0x000000070ae00000, 0x000000070ae00000, 0x000000070af00000|  0%| F|  |TS  0|AC  0|TAMS 0x000000070ae00000, 0x000000070ae00000|
| 149|0x000000070af00000, 0x000000070af00000, 0x000000070b000000|  0%| F|  |TS  0|AC  0|TAMS 0x000000070af00000, 0x000000070af00000|
| 150|0x000000070b000000, 0x000000070b000000, 0x000000070b100000|  0%| F|  |TS  0|AC  0|TAMS 0x000000070b000000, 0x000000070b000000|
| 151|0x000000070b100000, 0x000000070b100000, 0x000000070b200000|  0%| F|  |TS  0|AC  0|TAMS 0x000000070b100000, 0x000000070b100000|
| 152|0x000000070b200000, 0x000000070b200000, 0x000000070b300000|  0%| F|  |TS  0|AC  0|TAMS 0x000000070b200000, 0x000000070b200000|
| 153|0x000000070b300000, 0x000000070b300000, 0x000000070b400000|  0%| F|  |TS  0|AC  0|TAMS 0x000000070b300000, 0x000000070b300000|
| 154|0x000000070b400000, 0x000000070b400000, 0x000000070b500000|  0%| F|  |TS  0|AC  0|TAMS 0x000000070b400000, 0x000000070b400000|
| 155|0x000000070b500000, 0x000000070b500000, 0x000000070b600000|  0%| F|  |TS  0|AC  0|TAMS 0x000000070b500000, 0x000000070b500000|
| 156|0x000000070b600000, 0x000000070b600000, 0x000000070b700000|  0%| F|  |TS  0|AC  0|TAMS 0x000000070b600000, 0x000000070b600000|
| 157|0x000000070b700000, 0x000000070b700000, 0x000000070b800000|  0%| F|  |TS  0|AC  0|TAMS 0x000000070b700000, 0x000000070b700000|
| 158|0x000000070b800000, 0x000000070b800000, 0x000000070b900000|  0%| F|  |TS  0|AC  0|TAMS 0x000000070b800000, 0x000000070b800000|
| 159|0x000000070b900000, 0x000000070b900000, 0x000000070ba00000|  0%| F|  |TS  0|AC  0|TAMS 0x000000070b900000, 0x000000070b900000|
| 160|0x000000070ba00000, 0x000000070ba00000, 0x000000070bb00000|  0%| F|  |TS  0|AC  0|TAMS 0x000000070ba00000, 0x000000070ba00000|
| 161|0x000000070bb00000, 0x000000070bb00000, 0x000000070bc00000|  0%| F|  |TS  0|AC  0|TAMS 0x000000070bb00000, 0x000000070bb00000|
| 162|0x000000070bc00000, 0x000000070bc00000, 0x000000070bd00000|  0%| F|  |TS  0|AC  0|TAMS 0x000000070bc00000, 0x000000070bc00000|
| 163|0x000000070bd00000, 0x000000070bd00000, 0x000000070be00000|  0%| F|  |TS  0|AC  0|TAMS 0x000000070bd00000, 0x000000070bd00000|
| 164|0x000000070be00000, 0x000000070be00000, 0x000000070bf00000|  0%| F|  |TS  0|AC  0|TAMS 0x000000070be00000, 0x000000070be00000|
| 165|0x000000070bf00000, 0x000000070bf00000, 0x000000070c000000|  0%| F|  |TS  0|AC  0|TAMS 0x000000070bf00000, 0x000000070bf00000|
| 166|0x000000070c000000, 0x000000070c000000, 0x000000070c100000|  0%| F|  |TS  0|AC  0|TAMS 0x000000070c000000, 0x000000070c000000|
| 167|0x000000070c100000, 0x000000070c100000, 0x000000070c200000|  0%| F|  |TS  0|AC  0|TAMS 0x000000070c100000, 0x000000070c100000|
| 168|0x000000070c200000, 0x000000070c200000, 0x000000070c300000|  0%| F|  |TS  0|AC  0|TAMS 0x000000070c200000, 0x000000070c200000|
| 169|0x000000070c300000, 0x000000070c300000, 0x000000070c400000|  0%| F|  |TS  0|AC  0|TAMS 0x000000070c300000, 0x000000070c300000|
| 170|0x000000070c400000, 0x000000070c400000, 0x000000070c500000|  0%| F|  |TS  0|AC  0|TAMS 0x000000070c400000, 0x000000070c400000|
| 171|0x000000070c500000, 0x000000070c500000, 0x000000070c600000|  0%| F|  |TS  0|AC  0|TAMS 0x000000070c500000, 0x000000070c500000|
| 172|0x000000070c600000, 0x000000070c600000, 0x000000070c700000|  0%| F|  |TS  0|AC  0|TAMS 0x000000070c600000, 0x000000070c600000|
| 173|0x000000070c700000, 0x000000070c700000, 0x000000070c800000|  0%| F|  |TS  0|AC  0|TAMS 0x000000070c700000, 0x000000070c700000|
| 174|0x000000070c800000, 0x000000070c800000, 0x000000070c900000|  0%| F|  |TS  0|AC  0|TAMS 0x000000070c800000, 0x000000070c800000|
| 175|0x000000070c900000, 0x000000070c900000, 0x000000070ca00000|  0%| F|  |TS  0|AC  0|TAMS 0x000000070c900000, 0x000000070c900000|
| 176|0x000000070ca00000, 0x000000070ca00000, 0x000000070cb00000|  0%| F|  |TS  2|AC  0|TAMS 0x000000070ca00000, 0x000000070ca00000|
| 177|0x000000070cb00000, 0x000000070cb00000, 0x000000070cc00000|  0%| F|  |TS  2|AC  0|TAMS 0x000000070cb00000, 0x000000070cb00000|
| 178|0x000000070cc00000, 0x000000070cc00000, 0x000000070cd00000|  0%| F|  |TS  1|AC  0|TAMS 0x000000070cc00000, 0x000000070cc00000|
| 179|0x000000070cd00000, 0x000000070cd00000, 0x000000070ce00000|  0%| F|  |TS  1|AC  0|TAMS 0x000000070cd00000, 0x000000070cd00000|
| 180|0x000000070ce00000, 0x000000070ce00000, 0x000000070cf00000|  0%| F|  |TS  1|AC  0|TAMS 0x000000070ce00000, 0x000000070ce00000|
| 181|0x000000070cf00000, 0x000000070cf00000, 0x000000070d000000|  0%| F|  |TS  1|AC  0|TAMS 0x000000070cf00000, 0x000000070cf00000|
| 182|0x000000070d000000, 0x000000070d000000, 0x000000070d100000|  0%| F|  |TS  1|AC  0|TAMS 0x000000070d000000, 0x000000070d000000|
| 183|0x000000070d100000, 0x000000070d143b00, 0x000000070d200000| 26%| S|CS|TS  2|AC  0|TAMS 0x000000070d100000, 0x000000070d100000|
| 184|0x000000070d200000, 0x000000070d300000, 0x000000070d300000|100%| S|CS|TS  2|AC  0|TAMS 0x000000070d200000, 0x000000070d200000|
| 185|0x000000070d300000, 0x000000070d300000, 0x000000070d400000|  0%| F|  |TS  2|AC  0|TAMS 0x000000070d300000, 0x000000070d300000|
| 186|0x000000070d400000, 0x000000070d400000, 0x000000070d500000|  0%| F|  |TS  2|AC  0|TAMS 0x000000070d400000, 0x000000070d400000|
| 187|0x000000070d500000, 0x000000070d500000, 0x000000070d600000|  0%| F|  |TS  2|AC  0|TAMS 0x000000070d500000, 0x000000070d500000|
| 188|0x000000070d600000, 0x000000070d600000, 0x000000070d700000|  0%| F|  |TS  2|AC  0|TAMS 0x000000070d600000, 0x000000070d600000|
| 189|0x000000070d700000, 0x000000070d800000, 0x000000070d800000|100%| E|  |TS  2|AC  0|TAMS 0x000000070d700000, 0x000000070d700000|
| 190|0x000000070d800000, 0x000000070d900000, 0x000000070d900000|100%| E|CS|TS  2|AC  0|TAMS 0x000000070d800000, 0x000000070d800000|
| 191|0x000000070d900000, 0x000000070da00000, 0x000000070da00000|100%| E|CS|TS  2|AC  0|TAMS 0x000000070d900000, 0x000000070d900000|

Card table byte_map: [0x000002025c2d0000,0x000002025c8d0000] byte_map_base: 0x0000020258ac3000

Marking Bits (Prev, Next): (CMBitMap*) 0x00000202419fa5c0, (CMBitMap*) 0x00000202419fa5f8
 Prev Bits: [0x000002025ced0000, 0x000002025fe68000)
 Next Bits: [0x000002025fe70000, 0x0000020262e08000)

Polling page: 0x000002023d680000

CodeHeap 'non-profiled nmethods': size=120064Kb used=892Kb max_used=892Kb free=119171Kb
 bounds [0x0000020254790000, 0x0000020254a00000, 0x000002025bcd0000]
CodeHeap 'profiled nmethods': size=120000Kb used=3411Kb max_used=3411Kb free=116588Kb
 bounds [0x000002024d260000, 0x000002024d5c0000, 0x0000020254790000]
CodeHeap 'non-nmethods': size=5696Kb used=1330Kb max_used=1378Kb free=4365Kb
 bounds [0x000002024ccd0000, 0x000002024cf40000, 0x000002024d260000]
 total_blobs=3055 nmethods=1947 adapters=664
 compilation: enabled

Compilation events (10 events):
Event: 31.513 Thread 0x0000020265bdf000 nmethod 1944 0x000002024d5ae990 code [0x000002024d5aeb80, 0x000002024d5af120]
Event: 31.513 Thread 0x0000020265bdf000 1945       3       java.lang.CharacterDataLatin1::getType (11 bytes)
Event: 31.513 Thread 0x0000020265bdf000 nmethod 1945 0x000002024d5af310 code [0x000002024d5af4e0, 0x000002024d5af6d8]
Event: 31.513 Thread 0x0000020265bdf000 1940       3       com.googlecode.javacpp.Loader$ClassProperties::setProperty (47 bytes)
Event: 31.514 Thread 0x0000020265bdf000 nmethod 1940 0x000002024d5af810 code [0x000002024d5afb60, 0x000002024d5b1200]
Event: 31.514 Thread 0x0000020265bdf000 1939       3       java.lang.Character::isLetterOrDigit (19 bytes)
Event: 31.515 Thread 0x0000020265bdf000 nmethod 1939 0x000002024d5b1a10 code [0x000002024d5b1be0, 0x000002024d5b1ee0]
Event: 31.516 Thread 0x0000020265bdf000 1946   !   3       java.util.Collections$SynchronizedMap::get (25 bytes)
Event: 31.516 Thread 0x0000020265bdf000 nmethod 1946 0x000002024d5b2010 code [0x000002024d5b21e0, 0x000002024d5b25b0]
Event: 31.516 Thread 0x0000020265bdf000 1947       3       java.net.URI::quote (196 bytes)

GC Heap History (4 events):
Event: 1.045 GC heap before
{Heap before GC invocations=0 (full 0):
 garbage-first heap   total 196608K, used 14336K [0x0000000701a00000, 0x00000007c0000000)
  region size 1024K, 14 young (14336K), 0 survivors (0K)
 Metaspace       used 13823K, capacity 14119K, committed 14336K, reserved 1062912K
  class space    used 1512K, capacity 1668K, committed 1792K, reserved 1048576K
}
Event: 1.052 GC heap after
{Heap after GC invocations=1 (full 0):
 garbage-first heap   total 196608K, used 4370K [0x0000000701a00000, 0x00000007c0000000)
  region size 1024K, 2 young (2048K), 2 survivors (2048K)
 Metaspace       used 13823K, capacity 14119K, committed 14336K, reserved 1062912K
  class space    used 1512K, capacity 1668K, committed 1792K, reserved 1048576K
}
Event: 30.977 GC heap before
{Heap before GC invocations=1 (full 0):
 garbage-first heap   total 196608K, used 13586K [0x0000000701a00000, 0x00000007c0000000)
  region size 1024K, 9 young (9216K), 2 survivors (2048K)
 Metaspace       used 18304K, capacity 18853K, committed 19072K, reserved 1067008K
  class space    used 2111K, capacity 2368K, committed 2432K, reserved 1048576K
}
Event: 30.986 GC heap after
{Heap after GC invocations=2 (full 0):
 garbage-first heap   total 196608K, used 7432K [0x0000000701a00000, 0x00000007c0000000)
  region size 1024K, 2 young (2048K), 2 survivors (2048K)
 Metaspace       used 18304K, capacity 18853K, committed 19072K, reserved 1067008K
  class space    used 2111K, capacity 2368K, committed 2432K, reserved 1048576K
}

Deoptimization events (10 events):
Event: 1.194 Thread 0x000002026631c000 Uncommon trap: reason=class_check action=maybe_recompile pc=0x0000020254799e64 method=java.lang.String.equals(Ljava/lang/Object;)Z @ 8 c2
Event: 1.321 Thread 0x000002026631c000 Uncommon trap: reason=class_check action=maybe_recompile pc=0x0000020254799e64 method=java.lang.String.equals(Ljava/lang/Object;)Z @ 8 c2
Event: 1.382 Thread 0x0000020266288000 Uncommon trap: reason=class_check action=maybe_recompile pc=0x00000202547f7a10 method=java.nio.Buffer.<init>(IIII)V @ 33 c2
Event: 1.474 Thread 0x0000020266288000 Uncommon trap: reason=intrinsic_or_type_checked_inlining action=make_not_entrant pc=0x000002025480e770 method=java.util.Arrays.copyOf([Ljava/lang/Object;ILjava/lang/Class;)[Ljava/lang/Object; @ 35 c2
Event: 30.702 Thread 0x000002026631c000 Uncommon trap: reason=unstable_if action=reinterpret pc=0x00000202547fa6e8 method=jdk.internal.org.objectweb.asm.Type.getArgumentsAndReturnSizes(Ljava/lang/String;)I @ 47 c2
Event: 30.702 Thread 0x000002026631c000 Uncommon trap: reason=unstable_if action=reinterpret pc=0x00000202547e3d14 method=jdk.internal.org.objectweb.asm.Frame.push(Ljdk/internal/org/objectweb/asm/ClassWriter;Ljava/lang/String;)V @ 18 c2
Event: 31.024 Thread 0x000002026631c000 Uncommon trap: reason=unstable_if action=reinterpret pc=0x00000202547d04d4 method=java.lang.String.regionMatches(ILjava/lang/String;II)Z @ 111 c2
Event: 31.026 Thread 0x000002026631c000 Uncommon trap: reason=unstable_if action=reinterpret pc=0x000002025485eb34 method=java.util.concurrent.ConcurrentHashMap.putVal(Ljava/lang/Object;Ljava/lang/Object;Z)Ljava/lang/Object; @ 256 c2
Event: 31.500 Thread 0x000002026631c000 Uncommon trap: reason=bimorphic_or_optimized_type_check action=maybe_recompile pc=0x00000202547d16ac method=java.util.concurrent.ConcurrentHashMap.get(Ljava/lang/Object;)Ljava/lang/Object; @ 149 c2
Event: 31.500 Thread 0x000002026631c000 Uncommon trap: reason=bimorphic_or_optimized_type_check action=maybe_recompile pc=0x00000202547d16ac method=java.util.concurrent.ConcurrentHashMap.get(Ljava/lang/Object;)Ljava/lang/Object; @ 149 c2

Classes redefined (0 events):
No events

Internal exceptions (10 events):
Event: 30.702 Thread 0x000002026631c000 Exception <a 'java/lang/NoSuchMethodError'{0x000000070d3455a8}: java.lang.invoke.DirectMethodHandle$Holder.invokeStaticInit(Ljava/lang/Object;Ljava/lang/Object;Ljava/lang/Object;)J> (0x000000070d3455a8) thrown at [t:/workspace/open/src/hotspot/share/inter
Event: 30.704 Thread 0x000002026631c000 Exception <a 'java/lang/NoSuchMethodError'{0x000000070d358450}: method resolution failed> (0x000000070d358450) thrown at [t:/workspace/open/src/hotspot/share/prims/methodHandles.cpp, line 1226]
Event: 30.705 Thread 0x000002026631c000 Exception <a 'java/lang/NoSuchMethodError'{0x000000070d35e438}: java.lang.invoke.DirectMethodHandle$Holder.invokeStatic(Ljava/lang/Object;Ljava/lang/Object;J)Ljava/lang/Object;> (0x000000070d35e438) thrown at [t:/workspace/open/src/hotspot/share/interpret
Event: 30.705 Thread 0x000002026631c000 Exception <a 'java/lang/NoSuchMethodError'{0x000000070d3618b8}: method resolution failed> (0x000000070d3618b8) thrown at [t:/workspace/open/src/hotspot/share/prims/methodHandles.cpp, line 1226]
Event: 30.964 Thread 0x000002026631c000 Exception <a 'java/lang/NoSuchMethodError'{0x000000070d3afc60}: method resolution failed> (0x000000070d3afc60) thrown at [t:/workspace/open/src/hotspot/share/prims/methodHandles.cpp, line 1226]
Event: 30.964 Thread 0x000002026631c000 Exception <a 'java/lang/NoSuchMethodError'{0x000000070d3b33a0}: java.lang.invoke.DirectMethodHandle$Holder.invokeStaticInit(Ljava/lang/Object;Ljava/lang/Object;Ljava/lang/Object;Ljava/lang/Object;)I> (0x000000070d3b33a0) thrown at [t:/workspace/open/src/h
Event: 30.965 Thread 0x000002026631c000 Exception <a 'java/lang/NoSuchMethodError'{0x000000070d3bc7a0}: java.lang.invoke.DirectMethodHandle$Holder.invokeInterface(Ljava/lang/Object;Ljava/lang/Object;)Ljava/lang/Object;> (0x000000070d3bc7a0) thrown at [t:/workspace/open/src/hotspot/share/interpr
Event: 30.966 Thread 0x000002026631c000 Exception <a 'java/lang/IncompatibleClassChangeError'{0x000000070d3bf970}: Found class java.lang.Object, but interface was expected> (0x000000070d3bf970) thrown at [t:/workspace/open/src/hotspot/share/interpreter/linkResolver.cpp, line 807]
Event: 30.969 Thread 0x000002026631c000 Exception <a 'java/lang/NoSuchMethodError'{0x000000070d3ca930}: java.lang.invoke.DirectMethodHandle$Holder.invokeInterface(Ljava/lang/Object;Ljava/lang/Object;Ljava/lang/Object;)I> (0x000000070d3ca930) thrown at [t:/workspace/open/src/hotspot/share/interp
Event: 31.036 Thread 0x000002026631c000 Exception <a 'java/lang/NoSuchMethodError'{0x000000070d8509e0}: java.lang.Object.of([Ljava/lang/Object;)Ljava/util/stream/Stream;> (0x000000070d8509e0) thrown at [t:/workspace/open/src/hotspot/share/interpreter/linkResolver.cpp, line 741]

Events (10 events):
Event: 31.500 Thread 0x000002026631c000 Uncommon trap: trap_request=0xffffffc6 fr.pc=0x00000202547d16ac relative=0x000000000000062c
Event: 31.500 Thread 0x000002026631c000 DEOPT PACKING pc=0x00000202547d16ac sp=0x00000064d0ff04c0
Event: 31.500 Thread 0x000002026631c000 DEOPT UNPACKING pc=0x000002024ccf8aaf sp=0x00000064d0ff0460 mode 2
Event: 31.500 Thread 0x000002026631c000 Uncommon trap: trap_request=0xffffffc6 fr.pc=0x00000202547d16ac relative=0x000000000000062c
Event: 31.500 Thread 0x000002026631c000 DEOPT PACKING pc=0x00000202547d16ac sp=0x00000064d0ff04c0
Event: 31.500 Thread 0x000002026631c000 DEOPT UNPACKING pc=0x000002024ccf8aaf sp=0x00000064d0ff0460 mode 2
Event: 31.513 loading class com/googlecode/javacpp/Pointer$NativeDeallocator
Event: 31.513 loading class com/googlecode/javacpp/Pointer$NativeDeallocator done
Event: 31.514 loading class com/googlecode/javacpp/Pointer$DeallocatorReference
Event: 31.514 loading class com/googlecode/javacpp/Pointer$DeallocatorReference done


Dynamic libraries:
0x00007ff7c3420000 - 0x00007ff7c345e000 	C:\Program Files\Java\jdk-10.0.1\bin\java.exe
0x00007ffa7c640000 - 0x00007ffa7c820000 	C:\WINDOWS\SYSTEM32\ntdll.dll
0x00007ffa79b10000 - 0x00007ffa79bbe000 	C:\WINDOWS\System32\KERNEL32.DLL
0x00007ffa78a40000 - 0x00007ffa78ca6000 	C:\WINDOWS\System32\KERNELBASE.dll
0x00007ffa7bd10000 - 0x00007ffa7bdb1000 	C:\WINDOWS\System32\ADVAPI32.dll
0x00007ffa79e10000 - 0x00007ffa79ead000 	C:\WINDOWS\System32\msvcrt.dll
0x00007ffa7bdd0000 - 0x00007ffa7be2b000 	C:\WINDOWS\System32\sechost.dll
0x00007ffa7a000000 - 0x00007ffa7a11f000 	C:\WINDOWS\System32\RPCRT4.dll
0x00007ffa7a2c0000 - 0x00007ffa7a44f000 	C:\WINDOWS\System32\USER32.dll
0x00007ffa79950000 - 0x00007ffa79970000 	C:\WINDOWS\System32\win32u.dll
0x00007ffa7a7c0000 - 0x00007ffa7a7e8000 	C:\WINDOWS\System32\GDI32.dll
0x00007ffa79970000 - 0x00007ffa79b03000 	C:\WINDOWS\System32\gdi32full.dll
0x00007ffa79400000 - 0x00007ffa7949b000 	C:\WINDOWS\System32\msvcp_win.dll
0x00007ffa79850000 - 0x00007ffa79946000 	C:\WINDOWS\System32\ucrtbase.dll
0x00007ffa6bbd0000 - 0x00007ffa6be39000 	C:\WINDOWS\WinSxS\amd64_microsoft.windows.common-controls_6595b64144ccf1df_6.0.16299.371_none_15c7d1789365a290\COMCTL32.dll
0x00007ffa7a450000 - 0x00007ffa7a758000 	C:\WINDOWS\System32\combase.dll
0x00007ffa794a0000 - 0x00007ffa79512000 	C:\WINDOWS\System32\bcryptPrimitives.dll
0x00007ffa701e0000 - 0x00007ffa701ea000 	C:\WINDOWS\SYSTEM32\VERSION.dll
0x00007ffa79bc0000 - 0x00007ffa79bed000 	C:\WINDOWS\System32\IMM32.DLL
0x00007ffa51270000 - 0x00007ffa5135f000 	C:\Program Files\Java\jdk-10.0.1\bin\msvcr120.dll
0x00007ffa51750000 - 0x00007ffa517f6000 	C:\Program Files\Java\jdk-10.0.1\bin\msvcp120.dll
0x0000000077590000 - 0x0000000078000000 	C:\Program Files\Java\jdk-10.0.1\bin\server\jvm.dll
0x00007ffa7bc30000 - 0x00007ffa7bc38000 	C:\WINDOWS\System32\PSAPI.DLL
0x00007ffa75120000 - 0x00007ffa75129000 	C:\WINDOWS\SYSTEM32\WSOCK32.dll
0x00007ffa7bca0000 - 0x00007ffa7bd0c000 	C:\WINDOWS\System32\WS2_32.dll
0x00007ffa758d0000 - 0x00007ffa758f3000 	C:\WINDOWS\SYSTEM32\WINMM.dll
0x00007ffa75400000 - 0x00007ffa7542a000 	C:\WINDOWS\SYSTEM32\WINMMBASE.dll
0x00007ffa79630000 - 0x00007ffa7967a000 	C:\WINDOWS\System32\cfgmgr32.dll
0x00007ffa74f00000 - 0x00007ffa74f0f000 	C:\Program Files\Java\jdk-10.0.1\bin\verify.dll
0x00007ffa74980000 - 0x00007ffa74b48000 	C:\WINDOWS\SYSTEM32\DBGHELP.DLL
0x00007ffa74950000 - 0x00007ffa74979000 	C:\WINDOWS\SYSTEM32\dbgcore.DLL
0x00007ffa6c390000 - 0x00007ffa6c3b7000 	C:\Program Files\Java\jdk-10.0.1\bin\java.dll
0x00007ffa6c0c0000 - 0x00007ffa6c0ea000 	C:\Program Files\Java\jdk-10.0.1\bin\instrument.dll
0x00007ffa6e490000 - 0x00007ffa6e4a6000 	C:\Program Files\Java\jdk-10.0.1\bin\zip.dll
0x00007ffa71ac0000 - 0x00007ffa71aca000 	C:\Program Files\Java\jdk-10.0.1\bin\jimage.dll
0x00007ffa7a7f0000 - 0x00007ffa7bc26000 	C:\WINDOWS\System32\SHELL32.dll
0x00007ffa7be90000 - 0x00007ffa7bf36000 	C:\WINDOWS\System32\shcore.dll
0x00007ffa78cb0000 - 0x00007ffa793f7000 	C:\WINDOWS\System32\windows.storage.dll
0x00007ffa7a760000 - 0x00007ffa7a7b1000 	C:\WINDOWS\System32\shlwapi.dll
0x00007ffa789b0000 - 0x00007ffa789c1000 	C:\WINDOWS\System32\kernel.appcore.dll
0x00007ffa789d0000 - 0x00007ffa78a1c000 	C:\WINDOWS\System32\powrprof.dll
0x00007ffa78a20000 - 0x00007ffa78a3b000 	C:\WINDOWS\System32\profapi.dll
0x00007ffa62b10000 - 0x00007ffa62b2a000 	C:\Program Files\Java\jdk-10.0.1\bin\net.dll
0x00007ffa74870000 - 0x00007ffa7494e000 	C:\WINDOWS\SYSTEM32\WINHTTP.dll
0x00007ffa781c0000 - 0x00007ffa78226000 	C:\WINDOWS\system32\mswsock.dll
0x00007ffa607b0000 - 0x00007ffa607c1000 	C:\Program Files\Java\jdk-10.0.1\bin\nio.dll
0x00007ffa60790000 - 0x00007ffa607aa000 	C:\Program Files\JetBrains\IntelliJ IDEA Community Edition 2018.1.2\bin\breakgen64.dll
0x000002023faf0000 - 0x000002023faf3000 	C:\Program Files\Java\jdk-10.0.1\bin\api-ms-win-core-console-l1-1-0.dll
0x0000020241910000 - 0x0000020241913000 	C:\Program Files\Java\jdk-10.0.1\bin\api-ms-win-core-datetime-l1-1-0.dll
0x0000020266830000 - 0x0000020266833000 	C:\Program Files\Java\jdk-10.0.1\bin\api-ms-win-core-debug-l1-1-0.dll
0x0000020266840000 - 0x0000020266843000 	C:\Program Files\Java\jdk-10.0.1\bin\api-ms-win-core-errorhandling-l1-1-0.dll
0x0000020266850000 - 0x0000020266854000 	C:\Program Files\Java\jdk-10.0.1\bin\api-ms-win-core-file-l1-1-0.dll
0x0000020266860000 - 0x0000020266863000 	C:\Program Files\Java\jdk-10.0.1\bin\api-ms-win-core-file-l1-2-0.dll
0x0000020266870000 - 0x0000020266873000 	C:\Program Files\Java\jdk-10.0.1\bin\api-ms-win-core-file-l2-1-0.dll
0x0000020266880000 - 0x0000020266883000 	C:\Program Files\Java\jdk-10.0.1\bin\api-ms-win-core-handle-l1-1-0.dll
0x0000020266890000 - 0x0000020266893000 	C:\Program Files\Java\jdk-10.0.1\bin\api-ms-win-core-heap-l1-1-0.dll
0x00000202668a0000 - 0x00000202668a3000 	C:\Program Files\Java\jdk-10.0.1\bin\api-ms-win-core-interlocked-l1-1-0.dll
0x00000202668b0000 - 0x00000202668b3000 	C:\Program Files\Java\jdk-10.0.1\bin\api-ms-win-core-libraryloader-l1-1-0.dll
0x00000202668c0000 - 0x00000202668c3000 	C:\Program Files\Java\jdk-10.0.1\bin\api-ms-win-core-localization-l1-2-0.dll
0x00000202668d0000 - 0x00000202668d3000 	C:\Program Files\Java\jdk-10.0.1\bin\api-ms-win-core-memory-l1-1-0.dll
0x00000202668e0000 - 0x00000202668e3000 	C:\Program Files\Java\jdk-10.0.1\bin\api-ms-win-core-namedpipe-l1-1-0.dll
0x00000202668f0000 - 0x00000202668f3000 	C:\Program Files\Java\jdk-10.0.1\bin\api-ms-win-core-processenvironment-l1-1-0.dll
0x0000020266900000 - 0x0000020266903000 	C:\Program Files\Java\jdk-10.0.1\bin\api-ms-win-core-processthreads-l1-1-0.dll
0x0000020266910000 - 0x0000020266913000 	C:\Program Files\Java\jdk-10.0.1\bin\api-ms-win-core-processthreads-l1-1-1.dll
0x0000020266920000 - 0x0000020266923000 	C:\Program Files\Java\jdk-10.0.1\bin\api-ms-win-core-profile-l1-1-0.dll
0x0000020266930000 - 0x0000020266933000 	C:\Program Files\Java\jdk-10.0.1\bin\api-ms-win-core-rtlsupport-l1-1-0.dll
0x0000020266940000 - 0x0000020266943000 	C:\Program Files\Java\jdk-10.0.1\bin\api-ms-win-core-string-l1-1-0.dll
0x0000020266950000 - 0x0000020266953000 	C:\Program Files\Java\jdk-10.0.1\bin\api-ms-win-core-synch-l1-1-0.dll
0x0000020266960000 - 0x0000020266963000 	C:\Program Files\Java\jdk-10.0.1\bin\api-ms-win-core-synch-l1-2-0.dll
0x0000020266970000 - 0x0000020266973000 	C:\Program Files\Java\jdk-10.0.1\bin\api-ms-win-core-sysinfo-l1-1-0.dll
0x0000020266980000 - 0x0000020266983000 	C:\Program Files\Java\jdk-10.0.1\bin\api-ms-win-core-timezone-l1-1-0.dll
0x0000020266990000 - 0x0000020266993000 	C:\Program Files\Java\jdk-10.0.1\bin\api-ms-win-core-util-l1-1-0.dll
0x00000202669a0000 - 0x00000202669a3000 	C:\Program Files\Java\jdk-10.0.1\bin\api-ms-win-crt-conio-l1-1-0.dll
0x00000202669b0000 - 0x00000202669b4000 	C:\Program Files\Java\jdk-10.0.1\bin\api-ms-win-crt-convert-l1-1-0.dll
0x00000202669c0000 - 0x00000202669c3000 	C:\Program Files\Java\jdk-10.0.1\bin\api-ms-win-crt-environment-l1-1-0.dll
0x00000202669d0000 - 0x00000202669d3000 	C:\Program Files\Java\jdk-10.0.1\bin\api-ms-win-crt-filesystem-l1-1-0.dll
0x00000202669e0000 - 0x00000202669e3000 	C:\Program Files\Java\jdk-10.0.1\bin\api-ms-win-crt-heap-l1-1-0.dll
0x00000202669f0000 - 0x00000202669f3000 	C:\Program Files\Java\jdk-10.0.1\bin\api-ms-win-crt-locale-l1-1-0.dll
0x0000020266a00000 - 0x0000020266a05000 	C:\Program Files\Java\jdk-10.0.1\bin\api-ms-win-crt-math-l1-1-0.dll
0x0000020266a10000 - 0x0000020266a15000 	C:\Program Files\Java\jdk-10.0.1\bin\api-ms-win-crt-multibyte-l1-1-0.dll
0x0000020266a20000 - 0x0000020266a30000 	C:\Program Files\Java\jdk-10.0.1\bin\api-ms-win-crt-private-l1-1-0.dll
0x0000020266a30000 - 0x0000020266a33000 	C:\Program Files\Java\jdk-10.0.1\bin\api-ms-win-crt-process-l1-1-0.dll
0x0000020266a40000 - 0x0000020266a44000 	C:\Program Files\Java\jdk-10.0.1\bin\api-ms-win-crt-runtime-l1-1-0.dll
0x0000020266a50000 - 0x0000020266a54000 	C:\Program Files\Java\jdk-10.0.1\bin\api-ms-win-crt-stdio-l1-1-0.dll
0x0000020266a60000 - 0x0000020266a64000 	C:\Program Files\Java\jdk-10.0.1\bin\api-ms-win-crt-string-l1-1-0.dll
0x0000020266a70000 - 0x0000020266a73000 	C:\Program Files\Java\jdk-10.0.1\bin\api-ms-win-crt-time-l1-1-0.dll
0x0000020266a80000 - 0x0000020266a83000 	C:\Program Files\Java\jdk-10.0.1\bin\api-ms-win-crt-utility-l1-1-0.dll
0x00007ffa47e40000 - 0x00007ffa47f36000 	C:\Program Files\Java\jdk-10.0.1\bin\ucrtbase.dll
0x00007ffa5f870000 - 0x00007ffa5f886000 	C:\Program Files\Java\jdk-10.0.1\bin\vcruntime140.dll
0x00007ffa4f470000 - 0x00007ffa4f50c000 	C:\Program Files\Java\jdk-10.0.1\bin\msvcp140.dll
0x00007ffa504c0000 - 0x00007ffa50511000 	C:\Program Files\Java\jdk-10.0.1\bin\concrt140.dll
0x00007ffa5f840000 - 0x00007ffa5f863000 	C:\Program Files\Java\jdk-10.0.1\bin\prism_d3d.dll
0x00007ffa46620000 - 0x00007ffa467b5000 	C:\WINDOWS\system32\d3d9.dll
0x00007ffa773f0000 - 0x00007ffa7741a000 	C:\WINDOWS\SYSTEM32\dwmapi.dll
0x00007ffa77160000 - 0x00007ffa771f5000 	C:\WINDOWS\system32\uxtheme.dll
0x00007ffa329f0000 - 0x00007ffa36249000 	C:\WINDOWS\System32\DriverStore\FileRepository\igdlh64.inf_amd64_453d2af85bf95078\igdumdim64.dll
0x00007ffa7bf40000 - 0x00007ffa7c005000 	C:\WINDOWS\System32\OLEAUT32.dll
0x00007ffa79eb0000 - 0x00007ffa79ff9000 	C:\WINDOWS\System32\ole32.dll
0x00007ffa7c1c0000 - 0x00007ffa7c60e000 	C:\WINDOWS\System32\SETUPAPI.dll
0x00007ffa51220000 - 0x00007ffa5126a000 	C:\Program Files\Java\jdk-10.0.1\bin\glass.dll
0x00007ffa7c030000 - 0x00007ffa7c13a000 	C:\WINDOWS\System32\COMDLG32.dll
0x00007ffa79ca0000 - 0x00007ffa79e07000 	C:\WINDOWS\System32\MSCTF.dll
0x00007ffa69260000 - 0x00007ffa69309000 	C:\Program Files\Common Files\microsoft shared\ink\tiptsf.dll
0x00007ffa668a0000 - 0x00007ffa67ea2000 	C:\WINDOWS\System32\DriverStore\FileRepository\igdlh64.inf_amd64_453d2af85bf95078\igc64.dll
0x00007ffa5f820000 - 0x00007ffa5f834000 	C:\Program Files\Java\jdk-10.0.1\bin\javafx_font.dll
0x00007ffa46480000 - 0x00007ffa4661b000 	C:\Program Files\Java\jdk-10.0.1\bin\awt.dll
0x00007ffa765a0000 - 0x00007ffa76b58000 	C:\WINDOWS\SYSTEM32\d2d1.dll
0x00007ffa79680000 - 0x00007ffa7984e000 	C:\WINDOWS\System32\CRYPT32.dll
0x00007ffa78990000 - 0x00007ffa789a2000 	C:\WINDOWS\System32\MSASN1.dll
0x00007ffa77090000 - 0x00007ffa77118000 	C:\WINDOWS\SYSTEM32\apphelp.dll
0x00007ffa4c050000 - 0x00007ffa4c0b5000 	C:\Program Files\Java\jdk-10.0.1\bin\fontmanager.dll
0x00007ffa6a450000 - 0x00007ffa6a760000 	C:\WINDOWS\SYSTEM32\dwrite.dll
0x00007ffa79bf0000 - 0x00007ffa79c8e000 	C:\WINDOWS\System32\clbcatq.dll
0x00007ffa6d410000 - 0x00007ffa6d5bb000 	C:\WINDOWS\SYSTEM32\WindowsCodecs.dll
0x00007ffa64240000 - 0x00007ffa6428f000 	C:\WINDOWS\system32\dataexchange.dll
0x00007ffa76b60000 - 0x00007ffa76ca2000 	C:\WINDOWS\system32\dcomp.dll
0x00007ffa75da0000 - 0x00007ffa76082000 	C:\WINDOWS\system32\d3d11.dll
0x00007ffa778b0000 - 0x00007ffa7795f000 	C:\WINDOWS\system32\dxgi.dll
0x00007ffa77230000 - 0x00007ffa773ab000 	C:\WINDOWS\system32\twinapi.appcore.dll
0x00007ffa77140000 - 0x00007ffa77160000 	C:\WINDOWS\system32\RMCLIENT.dll
0x00007ffa78490000 - 0x00007ffa784b5000 	C:\WINDOWS\system32\bcrypt.dll
0x00007ffa58bd0000 - 0x00007ffa58c04000 	C:\Program Files\Common Files\Microsoft Shared\Ink\rtscom.dll
0x00007ffa6e070000 - 0x00007ffa6e108000 	C:\WINDOWS\System32\TextInputFramework.dll
0x00007ffa67eb0000 - 0x00007ffa6819e000 	C:\WINDOWS\System32\CoreUIComponents.dll
0x00007ffa764c0000 - 0x00007ffa7659c000 	C:\WINDOWS\System32\CoreMessaging.dll
0x00007ffa77a90000 - 0x00007ffa77ac1000 	C:\WINDOWS\SYSTEM32\ntmarta.dll
0x00007ffa754d0000 - 0x00007ffa75606000 	C:\WINDOWS\SYSTEM32\wintypes.dll
0x00007ffa6d8c0000 - 0x00007ffa6dac6000 	C:\Windows\System32\uiautomationcore.dll

dbghelp: loaded successfully - version: 4.0.5 - missing functions: none
symbol engine: initialized successfully - sym options: 0x614 - pdb path: .;C:\Program Files\Java\jdk-10.0.1\bin;C:\WINDOWS\SYSTEM32;C:\WINDOWS\WinSxS\amd64_microsoft.windows.common-controls_6595b64144ccf1df_6.0.16299.371_none_15c7d1789365a290;C:\Program Files\Java\jdk-10.0.1\bin\server;C:\Program Files\JetBrains\IntelliJ IDEA Community Edition 2018.1.2\bin;C:\WINDOWS\System32\DriverStore\FileRepository\igdlh64.inf_amd64_453d2af85bf95078;C:\Program Files\Common Files\microsoft shared\ink;C:\Users\Suvash Raj\AppData\Local\Temp\javacpp2230122371567677

VM Arguments:
jvm_args: -Djava.library.path=C:\opencv\build\java\x64 -javaagent:C:\Program Files\JetBrains\IntelliJ IDEA Community Edition 2018.1.2\lib\idea_rt.jar=50816:C:\Program Files\JetBrains\IntelliJ IDEA Community Edition 2018.1.2\bin -Dfile.encoding=UTF-8 
java_command: webCamGui
java_class_path (initial): C:\Users\Suvash Raj\IdeaProjects\videoSpoonRace\out\production\videoSpoonRace;C:\javacv-bin\javacpp.jar;C:\javacv-bin\javacv.jar;C:\javacv-bin\javacv-windows-x86_64.jar;C:\javacv-bin\javacv-windows-x86.jar;C:\javacv-cppjars\ffmpeg-2.1.1-windows-x86.jar;C:\javacv-cppjars\ffmpeg-2.1.1-windows-x86_64.jar;C:\javacv-cppjars\opencv-2.4.8-windows-x86_64.jar;C:\javacv-cppjars\opencv-2.4.8-windows-x86.jar;C:\opencv\build\java\opencv-341.jar
Launcher Type: SUN_STANDARD

Logging:
Log output configuration:
#0: stdout all=warning uptime,level,tags
#1: stderr all=off uptime,level,tags

Environment Variables:
JAVA_HOME=C:\Program Files\Java\jdk1.8.0_91
PATH=C:\Program Files (x86)\Common Files\Oracle\Java\javapath;C:\WINDOWS\system32;C:\WINDOWS;C:\WINDOWS\System32\Wbem;C:\WINDOWS\System32\WindowsPowerShell\v1.0\;C:\Program Files\PuTTY\;C:\Program Files\Git\cmd;C:\Users\Suvash Raj\AppData\Local\Microsoft\WindowsApps;C:\Users\Suvash Raj\AppData\Local\GitHubDesktop\bin
USERNAME=Suvash_C_Mahato
OS=Windows_NT
PROCESSOR_IDENTIFIER=Intel64 Family 6 Model 78 Stepping 3, GenuineIntel



---------------  S Y S T E M  ---------------

OS: Windows 10 , 64 bit Build 16299 (10.0.16299.15)

CPU:total 4 (initial active 4) (2 cores per cpu, 2 threads per core) family 6 model 78 stepping 3, cmov, cx8, fxsr, mmx, sse, sse2, sse3, ssse3, sse4.1, sse4.2, popcnt, avx, avx2, aes, clmul, erms, 3dnowpref, lzcnt, ht, tsc, tscinvbit, bmi1, bmi2, adx, fma

Memory: 4k page, physical 12474416k(7419960k free), swap 14374960k(7381816k free)

vm_info: Java HotSpot(TM) 64-Bit Server VM (10.0.1+10) for windows-amd64 JRE (10.0.1+10), built on Mar 27 2018 02:27:48 by "mach5one" with MS VC++ 12.0 (VS2013)

END.
